<?xml version="1.0" encoding="UTF-8"?>
<testng-results ignored="0" total="1" passed="1" failed="0" skipped="0">
  <reporter-output>
  </reporter-output>
  <suite started-at="2023-03-21T12:08:15 IST" name="Default suite" finished-at="2023-03-21T12:08:30 IST" duration-ms="14365">
    <groups>
    </groups>
    <test started-at="2023-03-21T12:08:15 IST" name="Default test" finished-at="2023-03-21T12:08:30 IST" duration-ms="14365">
      <class name="sampleprojectTests.Test2">
        <test-method is-config="true" signature="start()[pri:0, instance:sampleprojectTests.Test2@61230f6a]" started-at="2023-03-21T12:08:15 IST" name="start" finished-at="2023-03-21T12:08:15 IST" duration-ms="20" status="PASS">
          <reporter-output>
          </reporter-output>
        </test-method> <!-- start -->
        <test-method is-config="true" signature="setup()[pri:0, instance:sampleprojectTests.Test2@61230f6a]" started-at="2023-03-21T12:08:15 IST" name="setup" finished-at="2023-03-21T12:08:30 IST" duration-ms="14301" status="PASS">
          <reporter-output>
          </reporter-output>
        </test-method> <!-- setup -->
        <test-method signature="homepage()[pri:0, instance:sampleprojectTests.Test2@61230f6a]" started-at="2023-03-21T12:08:30 IST" name="homepage" finished-at="2023-03-21T12:08:30 IST" duration-ms="17" status="PASS">
          <reporter-output>
          </reporter-output>
        </test-method> <!-- homepage -->
        <test-method is-config="true" signature="teardown()[pri:0, instance:sampleprojectTests.Test2@61230f6a]" started-at="2023-03-21T12:08:30 IST" name="teardown" finished-at="2023-03-21T12:08:30 IST" duration-ms="0" status="PASS">
          <reporter-output>
          </reporter-output>
        </test-method> <!-- teardown -->
      </class> <!-- sampleprojectTests.Test2 -->
    </test> <!-- Default test -->
  </suite> <!-- Default suite -->
</testng-results>
