<?xml version="1.0" encoding="UTF-8"?>
<testng-results ignored="0" total="1" passed="1" failed="0" skipped="0">
  <reporter-output>
  </reporter-output>
  <suite started-at="2023-03-21T11:41:13 IST" name="Default suite" finished-at="2023-03-21T11:41:29 IST" duration-ms="15614">
    <groups>
    </groups>
    <test started-at="2023-03-21T11:41:13 IST" name="Default test" finished-at="2023-03-21T11:41:29 IST" duration-ms="15614">
      <class name="sampleprojectTests.Test1">
        <test-method is-config="true" signature="start()[pri:0, instance:sampleprojectTests.Test1@61230f6a]" started-at="2023-03-21T11:41:13 IST" name="start" finished-at="2023-03-21T11:41:13 IST" duration-ms="16" status="PASS">
          <reporter-output>
          </reporter-output>
        </test-method> <!-- start -->
        <test-method is-config="true" signature="setup()[pri:0, instance:sampleprojectTests.Test1@61230f6a]" started-at="2023-03-21T11:41:13 IST" name="setup" finished-at="2023-03-21T11:41:29 IST" duration-ms="15532" status="PASS">
          <reporter-output>
          </reporter-output>
        </test-method> <!-- setup -->
        <test-method signature="launchURL()[pri:0, instance:sampleprojectTests.Test1@61230f6a]" started-at="2023-03-21T11:41:29 IST" name="launchURL" finished-at="2023-03-21T11:41:29 IST" duration-ms="29" status="PASS">
          <reporter-output>
          </reporter-output>
        </test-method> <!-- launchURL -->
        <test-method is-config="true" signature="teardown()[pri:0, instance:sampleprojectTests.Test1@61230f6a]" started-at="2023-03-21T11:41:29 IST" name="teardown" finished-at="2023-03-21T11:41:29 IST" duration-ms="1" status="PASS">
          <reporter-output>
          </reporter-output>
        </test-method> <!-- teardown -->
      </class> <!-- sampleprojectTests.Test1 -->
    </test> <!-- Default test -->
  </suite> <!-- Default suite -->
</testng-results>
